Test passed
Test passed
Left barrel shifter test passed
STARTING TEST FOR VECTOR DOT PRODUCT DIM 16... index 0
A: read  0
B: read  0
MULT: pos 0	A: 5	B: 1	Out: 5
A: read  1
B: read  1
MULT: pos 1	A: 6	B: 2	Out: 17
A: read  2
B: read  2
MULT: pos 2	A: 7	B: 5	Out: 52
A: read  3
B: read  3
MULT: pos 3	A: 1	B: 7	Out: 59
A: read  4
B: read  4
MULT: pos 4	A: 2	B: 8	Out: 75
A: read  5
B: read  5
MULT: pos 5	A: 4	B: 5	Out: 95
A: read  6
B: read  6
MULT: pos 6	A: 6	B: 7	Out: 137
A: read  7
B: read  7
MULT: pos 7	A: 5	B: 8	Out: 177
A: read  8
B: read  8
MULT: pos 8	A: 5	B: 1	Out: 182
A: read  9
B: read  9
MULT: pos 9	A: 6	B: 2	Out: 194
A: read 10
B: read 10
MULT: pos 10	A: 7	B: 5	Out: 229
A: read 11
B: read 11
MULT: pos 11	A: 9	B: 7	Out: 292
A: read 12
B: read 12
MULT: pos 12	A: 2	B: 8	Out: 308
A: read 13
B: read 13
MULT: pos 13	A: 4	B: 5	Out: 328
A: read 14
B: read 14
MULT: pos 14	A: 6	B: 7	Out: 370
A: read 15
B: read 15
MULT: pos 15	A: 5	B: 8	Out: 410
GOT        410
Test 0 passed
STARTING TEST FOR VECTOR DOT PRODUCT DIM 16... index 1
A: read 16
B: read 16
MULT: pos 0	A: 5	B: 1	Out: 5
A: read 17
B: read 17
MULT: pos 1	A: 6	B: 2	Out: 17
A: read 18
B: read 18
MULT: pos 2	A: 7	B: 5	Out: 52
A: read 19
B: read 19
MULT: pos 3	A: 1	B: 7	Out: 59
A: read 20
B: read 20
MULT: pos 4	A: 2	B: 8	Out: 75
A: read 21
B: read 21
MULT: pos 5	A: 4	B: 5	Out: 95
A: read 22
B: read 22
MULT: pos 6	A: 6	B: 7	Out: 137
A: read 23
B: read 23
MULT: pos 7	A: 5	B: 8	Out: 177
A: read 24
B: read 24
MULT: pos 8	A: 5	B: 1	Out: 182
A: read 25
B: read 25
MULT: pos 9	A: 6	B: 2	Out: 194
A: read 26
B: read 26
MULT: pos 10	A: 7	B: 5	Out: 229
A: read 27
B: read 27
MULT: pos 11	A: 1	B: 7	Out: 236
A: read 28
B: read 28
MULT: pos 12	A: 2	B: 8	Out: 252
A: read 29
B: read 29
MULT: pos 13	A: 4	B: 5	Out: 272
A: read 30
B: read 30
MULT: pos 14	A: 6	B: 7	Out: 314
A: read 31
B: read 31
MULT: pos 15	A: 5	B: 8	Out: 354
GOT        354
Test 1 passed
STARTING TEST FOR VECTOR DOT PRODUCT DIM 16... index 2
A: read 32
B: read 32
MULT: pos 0	A: 5	B: 1	Out: 5
A: read 33
B: read 33
MULT: pos 1	A: 6	B: 2	Out: 17
A: read 34
B: read 34
MULT: pos 2	A: 7	B: 5	Out: 52
A: read 35
B: read 35
MULT: pos 3	A: 1	B: 7	Out: 59
A: read 36
B: read 36
MULT: pos 4	A: 2	B: 8	Out: 75
A: read 37
B: read 37
MULT: pos 5	A: 4	B: 5	Out: 95
A: read 38
B: read 38
MULT: pos 6	A: 6	B: 7	Out: 137
A: read 39
B: read 39
MULT: pos 7	A: 5	B: 8	Out: 177
A: read 40
B: read 40
MULT: pos 8	A: 37	B: 1	Out: 214
A: read 41
B: read 41
MULT: pos 9	A: 6	B: 2	Out: 226
A: read 42
B: read 42
MULT: pos 10	A: 7	B: 5	Out: 261
A: read 43
B: read 43
MULT: pos 11	A: 1	B: 145	Out: 406
A: read 44
B: read 44
MULT: pos 12	A: 2	B: 8	Out: 422
A: read 45
B: read 45
MULT: pos 13	A: 4	B: 5	Out: 442
A: read 46
B: read 46
MULT: pos 14	A: 6	B: 7	Out: 484
A: read 47
B: read 47
MULT: pos 15	A: 5	B: 8	Out: 524
GOT        524
Test 2 passed
STARTING TEST FOR VECTOR DOT PRODUCT DIM 16... index 3
A: read 48
B: read 48
MULT: pos 0	A: 5	B: 1	Out: 5
A: read 49
B: read 49
MULT: pos 1	A: 6	B: 2	Out: 17
A: read 50
B: read 50
MULT: pos 2	A: 7	B: 5	Out: 52
A: read 51
B: read 51
MULT: pos 3	A: 1	B: 7	Out: 59
A: read 52
B: read 52
MULT: pos 4	A: 2	B: 8	Out: 75
A: read 53
B: read 53
MULT: pos 5	A: 4	B: 5	Out: 95
A: read 54
B: read 54
MULT: pos 6	A: 6	B: 7	Out: 137
A: read 55
B: read 55
MULT: pos 7	A: 5	B: 8	Out: 177
A: read 56
B: read 56
MULT: pos 8	A: 5	B: 1	Out: 182
A: read 57
B: read 57
MULT: pos 9	A: 6	B: 2	Out: 194
A: read 58
B: read 58
MULT: pos 10	A: 7	B: 5	Out: 229
A: read 59
B: read 59
MULT: pos 11	A: 9	B: 7	Out: 292
A: read 60
B: read 60
MULT: pos 12	A: 2	B: 8	Out: 308
A: read 61
B: read 61
MULT: pos 13	A: 4	B: 5	Out: 328
A: read 62
B: read 62
MULT: pos 14	A: 6	B: 7	Out: 370
A: read 63
B: read 63
MULT: pos 15	A: 5	B: 8	Out: 410
GOT        410
Test 3 passed
